Build started 3/19/2012 11:42:16 PM.
     1>Project "D:\Git\ExpressionStack\ExpressionStack\ExpressionStack.vcxproj" on node 2 (build target(s)).
     1>InitializeBuildStatus:
         Creating "Debug\ExpressionStack.unsuccessfulbuild" because "AlwaysCreate" was specified.
       ClCompile:
         C:\Program Files (x86)\Microsoft Visual Studio 10.0\VC\bin\CL.exe /c /ZI /nologo /W3 /WX- /Od /Oy- /D WIN32 /D _MBCS /Gm /EHsc /RTC1 /MDd /GS /fp:precise /Zc:wchar_t /Zc:forScope /Fo"Debug\\" /Fd"Debug\vc100.pdb" /Gd /TP /analyze- /errorReport:prompt main.cpp
         main.cpp
     1>d:\git\expressionstack\expressionstack\main.cpp(31): warning C4996: 'scanf': This function or variable may be unsafe. Consider using scanf_s instead. To disable deprecation, use _CRT_SECURE_NO_WARNINGS. See online help for details.
                 c:\program files (x86)\microsoft visual studio 10.0\vc\include\stdio.h(304) : see declaration of 'scanf'
       Link:
         C:\Program Files (x86)\Microsoft Visual Studio 10.0\VC\bin\link.exe /ERRORREPORT:PROMPT /OUT:"D:\Git\ExpressionStack\Debug\ExpressionStack.exe" /NOLOGO kernel32.lib user32.lib gdi32.lib winspool.lib comdlg32.lib advapi32.lib shell32.lib ole32.lib oleaut32.lib uuid.lib odbc32.lib odbccp32.lib /MANIFEST /ManifestFile:"Debug\ExpressionStack.exe.intermediate.manifest" /MANIFESTUAC:"level='asInvoker' uiAccess='false'" /DEBUG /PDB:"D:\Git\ExpressionStack\Debug\ExpressionStack.pdb" /TLBID:1 /DYNAMICBASE /NXCOMPAT /IMPLIB:"D:\Git\ExpressionStack\Debug\ExpressionStack.lib" /MACHINE:X86 Debug\addExpression.obj
         Debug\baseExpression.obj
         Debug\divideExpression.obj
         Debug\lnExpression.obj
         Debug\logExpression.obj
         Debug\modExpression.obj
         Debug\multiplyExpression.obj
         Debug\numberExpression.obj
         Debug\powExpression.obj
         Debug\subtractExpression.obj
         Debug\trigExpression.obj
         Debug\variableExpression.obj
         Debug\main.obj
         LINK : D:\Git\ExpressionStack\Debug\ExpressionStack.exe not found or not built by the last incremental link; performing full link
         ExpressionStack.vcxproj -> D:\Git\ExpressionStack\Debug\ExpressionStack.exe
       Manifest:
         C:\Program Files (x86)\Microsoft SDKs\Windows\v7.0A\bin\mt.exe /nologo /verbose /outputresource:"D:\Git\ExpressionStack\Debug\ExpressionStack.exe;#1" /manifest Debug\ExpressionStack.exe.intermediate.manifest
       FinalizeBuildStatus:
         Deleting file "Debug\ExpressionStack.unsuccessfulbuild".
         Touching "Debug\ExpressionStack.lastbuildstate".
     1>Done Building Project "D:\Git\ExpressionStack\ExpressionStack\ExpressionStack.vcxproj" (build target(s)).

Build succeeded.

Time Elapsed 00:00:00.59
